{"level":"info","message":"Server running on http://localhost:8080 in development mode","timestamp":"2025-11-16T14:14:55.571Z"}
{"level":"info","message":"Server running on http://localhost:8080 in development mode","timestamp":"2025-11-16T14:15:01.078Z"}
{"level":"info","message":"Server running on http://localhost:8080 in development mode","timestamp":"2025-11-16T14:15:11.609Z"}
{"level":"info","message":"Server running on http://localhost:8080 in development mode","timestamp":"2025-11-16T14:17:12.949Z"}
{"level":"info","message":"Server running on http://localhost:8080 in development mode","timestamp":"2025-11-16T14:17:18.683Z"}
{"level":"info","message":"Server running on http://localhost:8080 in development mode","timestamp":"2025-11-16T14:17:22.647Z"}
{"level":"info","message":"Server running on http://localhost:8080 in development mode","timestamp":"2025-11-16T14:17:25.381Z"}
{"level":"info","message":"Server running on http://localhost:8080 in development mode","timestamp":"2025-11-16T14:17:28.340Z"}
{"level":"info","message":"Server running on http://localhost:8080 in development mode","timestamp":"2025-11-16T14:17:31.483Z"}
{"level":"info","message":"Server running on http://localhost:8080 in development mode","timestamp":"2025-11-16T14:17:55.079Z"}
{"level":"info","message":"Server running on http://localhost:8080 in development mode","timestamp":"2025-11-16T14:17:57.070Z"}
undefined
undefined
undefined
undefined
{"level":"info","message":"Server running on http://localhost:8080 in development mode","timestamp":"2025-11-16T14:18:29.432Z"}
{"level":"info","message":"Server running on http://localhost:8080 in development mode","timestamp":"2025-11-16T14:18:34.455Z"}
{"level":"info","message":"Server running on http://localhost:8080 in development mode","timestamp":"2025-11-16T14:19:04.508Z"}
{"level":"info","message":"Server running on http://localhost:8080 in development mode","timestamp":"2025-11-16T14:38:55.173Z"}
{"level":"error","message":"Cannot set property query of #<IncomingMessage> which has only a getter","method":"GET","path":"/","query":{},"stack":"TypeError: Cannot set property query of #<IncomingMessage> which has only a getter\n    at C:\\backend-mastery\\Task-Manager\\node_modules\\express-mongo-sanitize\\index.js:113:18\n    at Array.forEach (<anonymous>)\n    at C:\\backend-mastery\\Task-Manager\\node_modules\\express-mongo-sanitize\\index.js:110:44\n    at Layer.handleRequest (C:\\backend-mastery\\Task-Manager\\node_modules\\router\\lib\\layer.js:152:17)\n    at trimPrefix (C:\\backend-mastery\\Task-Manager\\node_modules\\router\\index.js:342:13)\n    at C:\\backend-mastery\\Task-Manager\\node_modules\\router\\index.js:297:9\n    at processParams (C:\\backend-mastery\\Task-Manager\\node_modules\\router\\index.js:582:12)\n    at next (C:\\backend-mastery\\Task-Manager\\node_modules\\router\\index.js:291:5)\n    at cors (C:\\backend-mastery\\Task-Manager\\node_modules\\cors\\lib\\index.js:188:7)\n    at C:\\backend-mastery\\Task-Manager\\node_modules\\cors\\lib\\index.js:224:17","statusCode":500,"timestamp":"2025-11-16T14:40:57.834Z"}
{"body":{"email":"harry@harry.com","password":"password111"},"level":"error","message":"Cannot set property query of #<IncomingMessage> which has only a getter","method":"POST","path":"/api/users/login","query":{},"stack":"TypeError: Cannot set property query of #<IncomingMessage> which has only a getter\n    at C:\\backend-mastery\\Task-Manager\\node_modules\\express-mongo-sanitize\\index.js:113:18\n    at Array.forEach (<anonymous>)\n    at C:\\backend-mastery\\Task-Manager\\node_modules\\express-mongo-sanitize\\index.js:110:44\n    at Layer.handleRequest (C:\\backend-mastery\\Task-Manager\\node_modules\\router\\lib\\layer.js:152:17)\n    at trimPrefix (C:\\backend-mastery\\Task-Manager\\node_modules\\router\\index.js:342:13)\n    at C:\\backend-mastery\\Task-Manager\\node_modules\\router\\index.js:297:9\n    at processParams (C:\\backend-mastery\\Task-Manager\\node_modules\\router\\index.js:582:12)\n    at next (C:\\backend-mastery\\Task-Manager\\node_modules\\router\\index.js:291:5)\n    at C:\\backend-mastery\\Task-Manager\\node_modules\\express-rate-limit\\dist\\index.cjs:942:7\n    at process.processTicksAndRejections (node:internal/process/task_queues:105:5)","statusCode":500,"timestamp":"2025-11-16T14:44:20.549Z"}
{"level":"error","message":"Cannot set property query of #<IncomingMessage> which has only a getter","method":"GET","path":"/api/users/profile","query":{},"stack":"TypeError: Cannot set property query of #<IncomingMessage> which has only a getter\n    at C:\\backend-mastery\\Task-Manager\\node_modules\\express-mongo-sanitize\\index.js:113:18\n    at Array.forEach (<anonymous>)\n    at C:\\backend-mastery\\Task-Manager\\node_modules\\express-mongo-sanitize\\index.js:110:44\n    at Layer.handleRequest (C:\\backend-mastery\\Task-Manager\\node_modules\\router\\lib\\layer.js:152:17)\n    at trimPrefix (C:\\backend-mastery\\Task-Manager\\node_modules\\router\\index.js:342:13)\n    at C:\\backend-mastery\\Task-Manager\\node_modules\\router\\index.js:297:9\n    at processParams (C:\\backend-mastery\\Task-Manager\\node_modules\\router\\index.js:582:12)\n    at next (C:\\backend-mastery\\Task-Manager\\node_modules\\router\\index.js:291:5)\n    at C:\\backend-mastery\\Task-Manager\\node_modules\\express-rate-limit\\dist\\index.cjs:942:7\n    at process.processTicksAndRejections (node:internal/process/task_queues:105:5)","statusCode":500,"timestamp":"2025-11-16T14:44:51.768Z"}
{"body":{"email":"harry@harry.com","password":"password111"},"level":"error","message":"Cannot set property query of #<IncomingMessage> which has only a getter","method":"POST","path":"/api/users/login","query":{},"stack":"TypeError: Cannot set property query of #<IncomingMessage> which has only a getter\n    at C:\\backend-mastery\\Task-Manager\\node_modules\\express-mongo-sanitize\\index.js:113:18\n    at Array.forEach (<anonymous>)\n    at C:\\backend-mastery\\Task-Manager\\node_modules\\express-mongo-sanitize\\index.js:110:44\n    at Layer.handleRequest (C:\\backend-mastery\\Task-Manager\\node_modules\\router\\lib\\layer.js:152:17)\n    at trimPrefix (C:\\backend-mastery\\Task-Manager\\node_modules\\router\\index.js:342:13)\n    at C:\\backend-mastery\\Task-Manager\\node_modules\\router\\index.js:297:9\n    at processParams (C:\\backend-mastery\\Task-Manager\\node_modules\\router\\index.js:582:12)\n    at next (C:\\backend-mastery\\Task-Manager\\node_modules\\router\\index.js:291:5)\n    at C:\\backend-mastery\\Task-Manager\\node_modules\\express-rate-limit\\dist\\index.cjs:942:7\n    at process.processTicksAndRejections (node:internal/process/task_queues:105:5)","statusCode":500,"timestamp":"2025-11-16T14:45:05.858Z"}
{"level":"info","message":"Server running on http://localhost:8080 in development mode","timestamp":"2025-11-16T14:45:16.799Z"}
{"body":{"email":"harry@harry.com","password":"password111"},"level":"error","message":"Cannot set property query of #<IncomingMessage> which has only a getter","method":"POST","path":"/api/users/login","query":{},"stack":"TypeError: Cannot set property query of #<IncomingMessage> which has only a getter\n    at C:\\backend-mastery\\Task-Manager\\node_modules\\express-mongo-sanitize\\index.js:113:18\n    at Array.forEach (<anonymous>)\n    at C:\\backend-mastery\\Task-Manager\\node_modules\\express-mongo-sanitize\\index.js:110:44\n    at Layer.handleRequest (C:\\backend-mastery\\Task-Manager\\node_modules\\router\\lib\\layer.js:152:17)\n    at trimPrefix (C:\\backend-mastery\\Task-Manager\\node_modules\\router\\index.js:342:13)\n    at C:\\backend-mastery\\Task-Manager\\node_modules\\router\\index.js:297:9\n    at processParams (C:\\backend-mastery\\Task-Manager\\node_modules\\router\\index.js:582:12)\n    at next (C:\\backend-mastery\\Task-Manager\\node_modules\\router\\index.js:291:5)\n    at C:\\backend-mastery\\Task-Manager\\node_modules\\express-rate-limit\\dist\\index.cjs:942:7\n    at process.processTicksAndRejections (node:internal/process/task_queues:105:5)","statusCode":500,"timestamp":"2025-11-16T14:46:17.200Z"}
{"level":"info","message":"Server running on http://localhost:8080 in development mode","timestamp":"2025-11-16T14:51:43.540Z"}
{"level":"info","message":"Server running on http://localhost:8080 in development mode","timestamp":"2025-11-16T14:51:45.709Z"}
{"level":"info","message":"Server running on http://localhost:8080 in development mode","timestamp":"2025-11-16T14:51:51.908Z"}
{"level":"info","message":"Server running on http://localhost:8080 in development mode","timestamp":"2025-11-16T14:51:53.965Z"}
{"level":"info","message":"Server running on http://localhost:8080 in development mode","timestamp":"2025-11-16T14:52:10.831Z"}
{"level":"info","message":"Server running on http://localhost:8080 in development mode","timestamp":"2025-11-16T14:52:16.044Z"}
{"level":"info","message":"Server running on http://localhost:8080 in development mode","timestamp":"2025-11-16T14:52:17.749Z"}
{"level":"info","message":"Server running on http://localhost:8080 in development mode","timestamp":"2025-11-16T14:52:24.870Z"}
{"level":"info","message":"Server running on http://localhost:8080 in development mode","timestamp":"2025-11-16T14:52:30.388Z"}
{"level":"info","message":"Server running on http://localhost:8080 in development mode","timestamp":"2025-11-16T14:52:34.467Z"}
{"level":"info","message":"Server running on http://localhost:8080 in development mode","timestamp":"2025-11-16T14:52:37.784Z"}
{"level":"info","message":"Server running on http://localhost:8080 in development mode","timestamp":"2025-11-16T14:52:42.804Z"}
{"level":"info","message":"Server running on http://localhost:8080 in development mode","timestamp":"2025-11-16T14:52:46.854Z"}
{"level":"info","message":"Server running on http://localhost:8080 in development mode","timestamp":"2025-11-16T14:52:47.974Z"}
{"level":"info","message":"Server running on http://localhost:8080 in development mode","timestamp":"2025-11-16T14:53:00.889Z"}
{"level":"info","message":"Server running on http://localhost:8080 in development mode","timestamp":"2025-11-16T14:53:06.230Z"}
{"level":"info","message":"Server running on http://localhost:8080 in development mode","timestamp":"2025-11-16T14:53:07.623Z"}
{"level":"info","message":"Server running on http://localhost:8080 in development mode","timestamp":"2025-11-16T14:53:10.994Z"}
{"level":"info","message":"Server running on http://localhost:8080 in development mode","timestamp":"2025-11-16T14:53:12.095Z"}
{"level":"info","message":"Server running on http://localhost:8080 in development mode","timestamp":"2025-11-16T14:53:14.205Z"}
{"level":"info","message":"Server running on http://localhost:8080 in development mode","timestamp":"2025-11-16T14:53:17.854Z"}
{"level":"info","message":"Server running on http://localhost:8080 in development mode","timestamp":"2025-11-16T14:53:22.046Z"}
{"level":"info","message":"Server running on http://localhost:8080 in development mode","timestamp":"2025-11-16T14:53:29.463Z"}
{"level":"info","message":"Server running on http://localhost:8080 in development mode","timestamp":"2025-11-16T14:53:31.028Z"}
{"level":"info","message":"Server running on http://localhost:8080 in development mode","timestamp":"2025-11-16T14:53:38.236Z"}
{"level":"info","message":"Server running on http://localhost:8080 in development mode","timestamp":"2025-11-16T14:53:46.610Z"}
{"level":"info","message":"Server running on http://localhost:8080 in development mode","timestamp":"2025-11-16T14:53:51.163Z"}
{"level":"info","message":"Server running on http://localhost:8080 in development mode","timestamp":"2025-11-16T14:53:52.031Z"}
{"level":"info","message":"Server running on http://localhost:8080 in development mode","timestamp":"2025-11-16T14:54:35.966Z"}
{"body":{"email":"ashis@ginny.com","password":"password4545"},"level":"error","message":"Invalid email or password","method":"POST","path":"/api/users/login","query":{},"stack":"Error: Invalid email or password\n    at C:\\backend-mastery\\Task-Manager\\controllers\\userControllers.js:100:11\n    at process.processTicksAndRejections (node:internal/process/task_queues:105:5)","statusCode":401,"timestamp":"2025-11-16T15:02:03.346Z"}
{"body":{"email":"ashis@ginny.com","password":"password123"},"level":"error","message":"Invalid email or password","method":"POST","path":"/api/users/login","query":{},"stack":"Error: Invalid email or password\n    at C:\\backend-mastery\\Task-Manager\\controllers\\userControllers.js:100:11\n    at process.processTicksAndRejections (node:internal/process/task_queues:105:5)","statusCode":401,"timestamp":"2025-11-16T15:02:10.035Z"}
{"level":"error","message":"Not Found - /random/nothing","method":"GET","path":"/random/nothing","query":{},"stack":"Error: Not Found - /random/nothing\n    at notFound (C:\\backend-mastery\\Task-Manager\\middlewares\\errorMiddleware.js:4:17)\n    at Layer.handleRequest (C:\\backend-mastery\\Task-Manager\\node_modules\\router\\lib\\layer.js:152:17)\n    at trimPrefix (C:\\backend-mastery\\Task-Manager\\node_modules\\router\\index.js:342:13)\n    at C:\\backend-mastery\\Task-Manager\\node_modules\\router\\index.js:297:9\n    at processParams (C:\\backend-mastery\\Task-Manager\\node_modules\\router\\index.js:582:12)\n    at next (C:\\backend-mastery\\Task-Manager\\node_modules\\router\\index.js:291:5)\n    at hpp (C:\\backend-mastery\\Task-Manager\\node_modules\\hpp\\lib\\index.js:146:9)\n    at Layer.handleRequest (C:\\backend-mastery\\Task-Manager\\node_modules\\router\\lib\\layer.js:152:17)\n    at trimPrefix (C:\\backend-mastery\\Task-Manager\\node_modules\\router\\index.js:342:13)\n    at C:\\backend-mastery\\Task-Manager\\node_modules\\router\\index.js:297:9","statusCode":404,"timestamp":"2025-11-16T15:41:32.313Z"}
{"level":"info","message":"Server running on http://localhost:8080 in development mode","timestamp":"2025-11-16T15:42:17.223Z"}
